{"contracts\\Poll.sol":{"l":{"59":19,"61":17,"63":17,"64":17,"65":34,"66":34,"79":8,"80":8,"82":8,"91":6,"93":6,"94":6,"95":6,"97":6,"105":1,"106":1,"107":1,"109":1,"119":4,"120":4,"122":4,"124":4,"126":4,"128":4,"129":1,"132":4,"133":4,"134":4,"143":4,"145":4,"152":1,"154":1,"156":1,"163":28,"164":25,"171":39,"172":35,"179":27,"180":19,"187":9,"188":5,"192":1,"196":1,"200":2,"201":2},"path":"C:\\Users\\Guilherme Mussi\\git\\solidity-voting\\contracts\\Poll.sol","s":{"1":19,"2":17,"3":17,"4":17,"5":34,"6":34,"7":8,"8":8,"9":6,"10":6,"11":6,"12":6,"13":6,"14":1,"15":1,"16":1,"17":1,"18":4,"19":4,"20":4,"21":4,"22":4,"23":4,"24":1,"25":4,"26":4,"27":4,"28":4,"29":4,"30":1,"31":1,"32":1,"33":28,"34":39,"35":27,"36":9,"37":1,"38":1,"39":2,"40":2},"b":{"1":[17,2],"2":[6,0],"3":[4,0],"4":[1,3],"5":[25,3],"6":[35,4],"7":[19,8],"8":[5,4]},"f":{"1":19,"2":8,"3":6,"4":1,"5":4,"6":4,"7":1,"8":28,"9":39,"10":27,"11":9,"12":1,"13":1,"14":2},"fnMap":{"1":{"name":"constructor","line":58,"loc":{"start":{"line":58,"column":4},"end":{"line":68,"column":4}}},"2":{"name":"vote","line":78,"loc":{"start":{"line":78,"column":4},"end":{"line":83,"column":4}}},"3":{"name":"sellVote","line":90,"loc":{"start":{"line":90,"column":4},"end":{"line":98,"column":4}}},"4":{"name":"stopSelling","line":104,"loc":{"start":{"line":104,"column":4},"end":{"line":110,"column":4}}},"5":{"name":"buysVote","line":118,"loc":{"start":{"line":118,"column":4},"end":{"line":135,"column":4}}},"6":{"name":"delegateVote","line":142,"loc":{"start":{"line":142,"column":4},"end":{"line":146,"column":4}}},"7":{"name":"closePoll","line":151,"loc":{"start":{"line":151,"column":4},"end":{"line":157,"column":4}}},"8":{"name":"pollOpen","line":162,"loc":{"start":{"line":162,"column":4},"end":{"line":165,"column":4}}},"9":{"name":"notVoted","line":170,"loc":{"start":{"line":170,"column":4},"end":{"line":173,"column":4}}},"10":{"name":"ownsVote","line":178,"loc":{"start":{"line":178,"column":4},"end":{"line":181,"column":4}}},"11":{"name":"forSale","line":186,"loc":{"start":{"line":186,"column":4},"end":{"line":189,"column":4}}},"12":{"name":"getOptions","line":191,"loc":{"start":{"line":191,"column":4},"end":{"line":193,"column":4}}},"13":{"name":"getVoteCount","line":195,"loc":{"start":{"line":195,"column":4},"end":{"line":197,"column":4}}},"14":{"name":"getVote","line":199,"loc":{"start":{"line":199,"column":4},"end":{"line":202,"column":4}}}},"statementMap":{"1":{"start":{"line":59,"column":8},"end":{"line":59,"column":35}},"2":{"start":{"line":61,"column":8},"end":{"line":61,"column":39}},"3":{"start":{"line":63,"column":8},"end":{"line":63,"column":19}},"4":{"start":{"line":64,"column":8},"end":{"line":64,"column":2096}},"5":{"start":{"line":65,"column":12},"end":{"line":65,"column":36}},"6":{"start":{"line":66,"column":12},"end":{"line":66,"column":29}},"7":{"start":{"line":80,"column":8},"end":{"line":80,"column":35}},"8":{"start":{"line":82,"column":8},"end":{"line":82,"column":66}},"9":{"start":{"line":91,"column":8},"end":{"line":91,"column":56}},"10":{"start":{"line":93,"column":8},"end":{"line":93,"column":45}},"11":{"start":{"line":94,"column":8},"end":{"line":94,"column":26}},"12":{"start":{"line":95,"column":8},"end":{"line":95,"column":27}},"13":{"start":{"line":97,"column":8},"end":{"line":97,"column":54}},"14":{"start":{"line":105,"column":8},"end":{"line":105,"column":45}},"15":{"start":{"line":106,"column":8},"end":{"line":106,"column":22}},"16":{"start":{"line":107,"column":8},"end":{"line":107,"column":28}},"17":{"start":{"line":109,"column":8},"end":{"line":109,"column":50}},"18":{"start":{"line":119,"column":8},"end":{"line":119,"column":45}},"19":{"start":{"line":120,"column":8},"end":{"line":120,"column":44}},"20":{"start":{"line":122,"column":8},"end":{"line":122,"column":72}},"21":{"start":{"line":124,"column":8},"end":{"line":124,"column":45}},"22":{"start":{"line":126,"column":8},"end":{"line":126,"column":35}},"23":{"start":{"line":128,"column":8},"end":{"line":128,"column":4657}},"24":{"start":{"line":129,"column":12},"end":{"line":129,"column":47}},"25":{"start":{"line":132,"column":8},"end":{"line":132,"column":28}},"26":{"start":{"line":133,"column":8},"end":{"line":133,"column":40}},"27":{"start":{"line":134,"column":8},"end":{"line":134,"column":64}},"28":{"start":{"line":143,"column":8},"end":{"line":143,"column":41}},"29":{"start":{"line":145,"column":8},"end":{"line":145,"column":67}},"30":{"start":{"line":152,"column":8},"end":{"line":152,"column":20}},"31":{"start":{"line":154,"column":8},"end":{"line":154,"column":38}},"32":{"start":{"line":156,"column":8},"end":{"line":156,"column":38}},"33":{"start":{"line":163,"column":8},"end":{"line":163,"column":23}},"34":{"start":{"line":171,"column":8},"end":{"line":171,"column":35}},"35":{"start":{"line":179,"column":8},"end":{"line":179,"column":112}},"36":{"start":{"line":187,"column":8},"end":{"line":187,"column":36}},"37":{"start":{"line":192,"column":8},"end":{"line":192,"column":22}},"38":{"start":{"line":196,"column":8},"end":{"line":196,"column":25}},"39":{"start":{"line":200,"column":8},"end":{"line":200,"column":42}},"40":{"start":{"line":201,"column":8},"end":{"line":201,"column":68}}},"branchMap":{"1":{"line":59,"type":"if","locations":[{"start":{"line":59,"column":8},"end":{"line":59,"column":8}},{"start":{"line":59,"column":8},"end":{"line":59,"column":8}}]},"2":{"line":91,"type":"if","locations":[{"start":{"line":91,"column":8},"end":{"line":91,"column":8}},{"start":{"line":91,"column":8},"end":{"line":91,"column":8}}]},"3":{"line":122,"type":"if","locations":[{"start":{"line":122,"column":8},"end":{"line":122,"column":8}},{"start":{"line":122,"column":8},"end":{"line":122,"column":8}}]},"4":{"line":128,"type":"if","locations":[{"start":{"line":128,"column":8},"end":{"line":128,"column":8}},{"start":{"line":128,"column":8},"end":{"line":128,"column":8}}]},"5":{"line":163,"type":"if","locations":[{"start":{"line":163,"column":8},"end":{"line":163,"column":8}},{"start":{"line":163,"column":8},"end":{"line":163,"column":8}}]},"6":{"line":171,"type":"if","locations":[{"start":{"line":171,"column":8},"end":{"line":171,"column":8}},{"start":{"line":171,"column":8},"end":{"line":171,"column":8}}]},"7":{"line":179,"type":"if","locations":[{"start":{"line":179,"column":8},"end":{"line":179,"column":8}},{"start":{"line":179,"column":8},"end":{"line":179,"column":8}}]},"8":{"line":187,"type":"if","locations":[{"start":{"line":187,"column":8},"end":{"line":187,"column":8}},{"start":{"line":187,"column":8},"end":{"line":187,"column":8}}]}}},"contracts\\PollingStation.sol":{"l":{"18":19,"20":17,"21":17,"22":17,"24":17,"26":17,"28":17,"32":1,"34":1,"38":1,"42":2},"path":"C:\\Users\\Guilherme Mussi\\git\\solidity-voting\\contracts\\PollingStation.sol","s":{"1":19,"2":17,"3":17,"4":17,"5":17,"6":17,"7":17,"8":1,"9":1,"10":1,"11":2},"b":{"1":[1,0]},"f":{"1":19,"2":1,"3":1,"4":2},"fnMap":{"1":{"name":"createPoll","line":17,"loc":{"start":{"line":17,"column":4},"end":{"line":29,"column":4}}},"2":{"name":"pollClosed","line":31,"loc":{"start":{"line":31,"column":4},"end":{"line":35,"column":4}}},"3":{"name":"getMyPolls","line":37,"loc":{"start":{"line":37,"column":4},"end":{"line":39,"column":4}}},"4":{"name":"getCount","line":41,"loc":{"start":{"line":41,"column":4},"end":{"line":43,"column":4}}}},"statementMap":{"1":{"start":{"line":18,"column":8},"end":{"line":18,"column":52}},"2":{"start":{"line":20,"column":8},"end":{"line":20,"column":24}},"3":{"start":{"line":21,"column":8},"end":{"line":21,"column":38}},"4":{"start":{"line":22,"column":8},"end":{"line":22,"column":44}},"5":{"start":{"line":24,"column":8},"end":{"line":24,"column":67}},"6":{"start":{"line":26,"column":8},"end":{"line":26,"column":42}},"7":{"start":{"line":28,"column":8},"end":{"line":28,"column":39}},"8":{"start":{"line":32,"column":8},"end":{"line":32,"column":43}},"9":{"start":{"line":34,"column":8},"end":{"line":34,"column":38}},"10":{"start":{"line":38,"column":8},"end":{"line":38,"column":39}},"11":{"start":{"line":42,"column":8},"end":{"line":42,"column":27}}},"branchMap":{"1":{"line":32,"type":"if","locations":[{"start":{"line":32,"column":8},"end":{"line":32,"column":8}},{"start":{"line":32,"column":8},"end":{"line":32,"column":8}}]}}}}