{
"contracts\\Poll.sol":{"l":{"59":17,"61":15,"63":15,"64":15,"65":30,"66":30,"79":8,"80":8,"82":8,"91":5,"93":5,"94":5,"95":5,"97":5,"105":0,"106":0,"107":0,"109":0,"119":4,"120":4,"122":4,"124":4,"126":4,"128":4,"129":1,"132":4,"133":4,"134":4,"143":4,"145":4,"152":1,"154":1,"156":1,"163":26,"164":22,"171":37,"172":34,"179":26,"180":17,"187":8,"188":4,"192":1,"196":0,"200":0,"201":0},"path":"C:\\Users\\Guilherme Mussi\\git\\solidity-voting\\contracts\\Poll.sol","s":{"1":17,"2":15,"3":15,"4":15,"5":30,"6":30,"7":8,"8":8,"9":5,"10":5,"11":5,"12":5,"13":5,"14":0,"15":0,"16":0,"17":0,"18":4,"19":4,"20":4,"21":4,"22":4,"23":4,"24":1,"25":4,"26":4,"27":4,"28":4,"29":4,"30":1,"31":1,"32":1,"33":26,"34":37,"35":26,"36":8,"37":1,"38":0,"39":0,"40":0},"b":{"1":[15,2],"2":[5,0],"3":[4,0],"4":[1,3],"5":[22,4],"6":[34,3],"7":[17,9],"8":[4,4]},"f":{"1":17,"2":8,"3":5,"4":0,"5":4,"6":4,"7":1,"8":26,"9":37,"10":26,"11":8,"12":1,"13":0,"14":0},"fnMap":{"1":{"name":"constructor","line":58,"loc":{"start":{"line":58,"column":4},"end":{"line":68,"column":4}}},"2":{"name":"vote","line":78,"loc":{"start":{"line":78,"column":4},"end":{"line":83,"column":4}}},"3":{"name":"sellVote","line":90,"loc":{"start":{"line":90,"column":4},"end":{"line":98,"column":4}}},"4":{"name":"stopSelling","line":104,"loc":{"start":{"line":104,"column":4},"end":{"line":110,"column":4}}},"5":{"name":"buysVote","line":118,"loc":{"start":{"line":118,"column":4},"end":{"line":135,"column":4}}},"6":{"name":"delegateVote","line":142,"loc":{"start":{"line":142,"column":4},"end":{"line":146,"column":4}}},"7":{"name":"closePoll","line":151,"loc":{"start":{"line":151,"column":4},"end":{"line":157,"column":4}}},"8":{"name":"pollOpen","line":162,"loc":{"start":{"line":162,"column":4},"end":{"line":165,"column":4}}},"9":{"name":"notVoted","line":170,"loc":{"start":{"line":170,"column":4},"end":{"line":173,"column":4}}},"10":{"name":"ownsVote","line":178,"loc":{"start":{"line":178,"column":4},"end":{"line":181,"column":4}}},"11":{"name":"forSale","line":186,"loc":{"start":{"line":186,"column":4},"end":{"line":189,"column":4}}},"12":{"name":"getOptions","line":191,"loc":{"start":{"line":191,"column":4},"end":{"line":193,"column":4}}},"13":{"name":"getVoteCount","line":195,"loc":{"start":{"line":195,"column":4},"end":{"line":197,"column":4}}},"14":{"name":"getVote","line":199,"loc":{"start":{"line":199,"column":4},"end":{"line":202,"column":4}}}},"statementMap":{"1":{"start":{"line":59,"column":8},"end":{"line":59,"column":35}},"2":{"start":{"line":61,"column":8},"end":{"line":61,"column":39}},"3":{"start":{"line":63,"column":8},"end":{"line":63,"column":19}},"4":{"start":{"line":64,"column":8},"end":{"line":64,"column":2096}},"5":{"start":{"line":65,"column":12},"end":{"line":65,"column":36}},"6":{"start":{"line":66,"column":12},"end":{"line":66,"column":29}},"7":{"start":{"line":80,"column":8},"end":{"line":80,"column":35}},"8":{"start":{"line":82,"column":8},"end":{"line":82,"column":66}},"9":{"start":{"line":91,"column":8},"end":{"line":91,"column":56}},"10":{"start":{"line":93,"column":8},"end":{"line":93,"column":45}},"11":{"start":{"line":94,"column":8},"end":{"line":94,"column":26}},"12":{"start":{"line":95,"column":8},"end":{"line":95,"column":27}},"13":{"start":{"line":97,"column":8},"end":{"line":97,"column":54}},"14":{"start":{"line":105,"column":8},"end":{"line":105,"column":45}},"15":{"start":{"line":106,"column":8},"end":{"line":106,"column":22}},"16":{"start":{"line":107,"column":8},"end":{"line":107,"column":28}},"17":{"start":{"line":109,"column":8},"end":{"line":109,"column":50}},"18":{"start":{"line":119,"column":8},"end":{"line":119,"column":45}},"19":{"start":{"line":120,"column":8},"end":{"line":120,"column":44}},"20":{"start":{"line":122,"column":8},"end":{"line":122,"column":72}},"21":{"start":{"line":124,"column":8},"end":{"line":124,"column":45}},"22":{"start":{"line":126,"column":8},"end":{"line":126,"column":35}},"23":{"start":{"line":128,"column":8},"end":{"line":128,"column":4657}},"24":{"start":{"line":129,"column":12},"end":{"line":129,"column":47}},"25":{"start":{"line":132,"column":8},"end":{"line":132,"column":28}},"26":{"start":{"line":133,"column":8},"end":{"line":133,"column":40}},"27":{"start":{"line":134,"column":8},"end":{"line":134,"column":64}},"28":{"start":{"line":143,"column":8},"end":{"line":143,"column":41}},"29":{"start":{"line":145,"column":8},"end":{"line":145,"column":67}},"30":{"start":{"line":152,"column":8},"end":{"line":152,"column":20}},"31":{"start":{"line":154,"column":8},"end":{"line":154,"column":38}},"32":{"start":{"line":156,"column":8},"end":{"line":156,"column":38}},"33":{"start":{"line":163,"column":8},"end":{"line":163,"column":23}},"34":{"start":{"line":171,"column":8},"end":{"line":171,"column":35}},"35":{"start":{"line":179,"column":8},"end":{"line":179,"column":112}},"36":{"start":{"line":187,"column":8},"end":{"line":187,"column":36}},"37":{"start":{"line":192,"column":8},"end":{"line":192,"column":22}},"38":{"start":{"line":196,"column":8},"end":{"line":196,"column":25}},"39":{"start":{"line":200,"column":8},"end":{"line":200,"column":42}},"40":{"start":{"line":201,"column":8},"end":{"line":201,"column":68}}},"branchMap":{"1":{"line":59,"type":"if","locations":[{"start":{"line":59,"column":8},"end":{"line":59,"column":8}},{"start":{"line":59,"column":8},"end":{"line":59,"column":8}}]},"2":{"line":91,"type":"if","locations":[{"start":{"line":91,"column":8},"end":{"line":91,"column":8}},{"start":{"line":91,"column":8},"end":{"line":91,"column":8}}]},"3":{"line":122,"type":"if","locations":[{"start":{"line":122,"column":8},"end":{"line":122,"column":8}},{"start":{"line":122,"column":8},"end":{"line":122,"column":8}}]},"4":{"line":128,"type":"if","locations":[{"start":{"line":128,"column":8},"end":{"line":128,"column":8}},{"start":{"line":128,"column":8},"end":{"line":128,"column":8}}]},"5":{"line":163,"type":"if","locations":[{"start":{"line":163,"column":8},"end":{"line":163,"column":8}},{"start":{"line":163,"column":8},"end":{"line":163,"column":8}}]},"6":{"line":171,"type":"if","locations":[{"start":{"line":171,"column":8},"end":{"line":171,"column":8}},{"start":{"line":171,"column":8},"end":{"line":171,"column":8}}]},"7":{"line":179,"type":"if","locations":[{"start":{"line":179,"column":8},"end":{"line":179,"column":8}},{"start":{"line":179,"column":8},"end":{"line":179,"column":8}}]},"8":{"line":187,"type":"if","locations":[{"start":{"line":187,"column":8},"end":{"line":187,"column":8}},{"start":{"line":187,"column":8},"end":{"line":187,"column":8}}]}}},
"contracts\\PollingStation.sol":{"l":{"18":17,"20":15,"21":15,"22":15,"24":15,"26":15,"28":15,"32":1,"34":1,"38":1,"42":0,"43":0,"47":0},"path":"C:\\Users\\Guilherme Mussi\\git\\solidity-voting\\contracts\\PollingStation.sol","s":{"1":17,"2":15,"3":15,"4":15,"5":15,"6":15,"7":15,"8":1,"9":1,"10":1,"11":0,"12":0},"b":{"1":[1,0],"2":[0,0]},"f":{"1":17,"2":1,"3":1,"4":0,"5":0},"fnMap":{"1":{"name":"createPoll","line":17,"loc":{"start":{"line":17,"column":4},"end":{"line":29,"column":4}}},"2":{"name":"pollClosed","line":31,"loc":{"start":{"line":31,"column":4},"end":{"line":35,"column":4}}},"3":{"name":"getMyPolls","line":37,"loc":{"start":{"line":37,"column":4},"end":{"line":39,"column":4}}},"4":{"name":"onlyCreator","line":41,"loc":{"start":{"line":41,"column":4},"end":{"line":44,"column":4}}},"5":{"name":"getCount","line":46,"loc":{"start":{"line":46,"column":4},"end":{"line":48,"column":4}}}},"statementMap":{"1":{"start":{"line":18,"column":8},"end":{"line":18,"column":52}},"2":{"start":{"line":20,"column":8},"end":{"line":20,"column":24}},"3":{"start":{"line":21,"column":8},"end":{"line":21,"column":38}},"4":{"start":{"line":22,"column":8},"end":{"line":22,"column":44}},"5":{"start":{"line":24,"column":8},"end":{"line":24,"column":67}},"6":{"start":{"line":26,"column":8},"end":{"line":26,"column":42}},"7":{"start":{"line":28,"column":8},"end":{"line":28,"column":39}},"8":{"start":{"line":32,"column":8},"end":{"line":32,"column":43}},"9":{"start":{"line":34,"column":8},"end":{"line":34,"column":38}},"10":{"start":{"line":38,"column":8},"end":{"line":38,"column":39}},"11":{"start":{"line":42,"column":8},"end":{"line":42,"column":51}},"12":{"start":{"line":47,"column":8},"end":{"line":47,"column":27}}},"branchMap":{"1":{"line":32,"type":"if","locations":[{"start":{"line":32,"column":8},"end":{"line":32,"column":8}},{"start":{"line":32,"column":8},"end":{"line":32,"column":8}}]},"2":{"line":42,"type":"if","locations":[{"start":{"line":42,"column":8},"end":{"line":42,"column":8}},{"start":{"line":42,"column":8},"end":{"line":42,"column":8}}]}}}}
