TN:
SF:C:\Users\Guilherme Mussi\git\solidity-voting\contracts\Poll.sol
FN:58,constructor
FN:78,vote
FN:90,sellVote
FN:104,stopSelling
FN:118,buysVote
FN:142,delegateVote
FN:151,closePoll
FN:162,pollOpen
FN:170,notVoted
FN:178,ownsVote
FN:186,forSale
FN:191,getOptions
FN:195,getVoteCount
FN:199,getVote
FNF:14
FNH:11
FNDA:17,constructor
FNDA:8,vote
FNDA:5,sellVote
FNDA:0,stopSelling
FNDA:4,buysVote
FNDA:4,delegateVote
FNDA:1,closePoll
FNDA:26,pollOpen
FNDA:37,notVoted
FNDA:26,ownsVote
FNDA:8,forSale
FNDA:1,getOptions
FNDA:0,getVoteCount
FNDA:0,getVote
DA:59,17
DA:61,15
DA:63,15
DA:64,15
DA:65,30
DA:66,30
DA:79,8
DA:80,8
DA:82,8
DA:91,5
DA:93,5
DA:94,5
DA:95,5
DA:97,5
DA:105,0
DA:106,0
DA:107,0
DA:109,0
DA:119,4
DA:120,4
DA:122,4
DA:124,4
DA:126,4
DA:128,4
DA:129,1
DA:132,4
DA:133,4
DA:134,4
DA:143,4
DA:145,4
DA:152,1
DA:154,1
DA:156,1
DA:163,26
DA:164,22
DA:171,37
DA:172,34
DA:179,26
DA:180,17
DA:187,8
DA:188,4
DA:192,1
DA:196,0
DA:200,0
DA:201,0
LF:45
LH:38
BRDA:59,1,0,15
BRDA:59,1,1,2
BRDA:91,2,0,5
BRDA:91,2,1,0
BRDA:122,3,0,4
BRDA:122,3,1,0
BRDA:128,4,0,1
BRDA:128,4,1,3
BRDA:163,5,0,22
BRDA:163,5,1,4
BRDA:171,6,0,34
BRDA:171,6,1,3
BRDA:179,7,0,17
BRDA:179,7,1,9
BRDA:187,8,0,4
BRDA:187,8,1,4
BRF:16
BRH:14
end_of_record
TN:
SF:C:\Users\Guilherme Mussi\git\solidity-voting\contracts\PollingStation.sol
FN:17,createPoll
FN:31,pollClosed
FN:37,getMyPolls
FN:41,onlyCreator
FN:46,getCount
FNF:5
FNH:3
FNDA:17,createPoll
FNDA:1,pollClosed
FNDA:1,getMyPolls
FNDA:0,onlyCreator
FNDA:0,getCount
DA:18,17
DA:20,15
DA:21,15
DA:22,15
DA:24,15
DA:26,15
DA:28,15
DA:32,1
DA:34,1
DA:38,1
DA:42,0
DA:43,0
DA:47,0
LF:13
LH:10
BRDA:32,1,0,1
BRDA:32,1,1,0
BRDA:42,2,0,0
BRDA:42,2,1,0
BRF:4
BRH:1
end_of_record
