TN:
SF:C:\Users\Guilherme Mussi\git\solidity-voting\contracts\Poll.sol
FN:58,constructor
FN:78,vote
FN:90,sellVote
FN:104,stopSelling
FN:118,buysVote
FN:142,delegateVote
FN:151,closePoll
FN:162,pollOpen
FN:170,notVoted
FN:178,ownsVote
FN:186,forSale
FN:191,getOptions
FN:195,getVoteCount
FN:199,getVote
FNF:14
FNH:14
FNDA:19,constructor
FNDA:8,vote
FNDA:6,sellVote
FNDA:1,stopSelling
FNDA:4,buysVote
FNDA:4,delegateVote
FNDA:1,closePoll
FNDA:28,pollOpen
FNDA:39,notVoted
FNDA:28,ownsVote
FNDA:9,forSale
FNDA:1,getOptions
FNDA:1,getVoteCount
FNDA:2,getVote
DA:59,19
DA:61,17
DA:63,17
DA:64,17
DA:65,34
DA:66,34
DA:79,8
DA:80,8
DA:82,8
DA:91,6
DA:93,6
DA:94,6
DA:95,6
DA:97,6
DA:105,1
DA:106,1
DA:107,1
DA:109,1
DA:119,4
DA:120,4
DA:122,4
DA:124,4
DA:126,4
DA:128,4
DA:129,1
DA:132,4
DA:133,4
DA:134,4
DA:143,4
DA:145,4
DA:152,1
DA:154,1
DA:156,1
DA:163,28
DA:164,25
DA:171,39
DA:172,36
DA:179,28
DA:180,19
DA:187,9
DA:188,5
DA:192,1
DA:196,1
DA:200,2
DA:201,2
LF:45
LH:45
BRDA:59,1,0,17
BRDA:59,1,1,2
BRDA:91,2,0,6
BRDA:91,2,1,0
BRDA:122,3,0,4
BRDA:122,3,1,0
BRDA:128,4,0,1
BRDA:128,4,1,3
BRDA:163,5,0,25
BRDA:163,5,1,3
BRDA:171,6,0,36
BRDA:171,6,1,3
BRDA:179,7,0,19
BRDA:179,7,1,9
BRDA:187,8,0,5
BRDA:187,8,1,4
BRF:16
BRH:14
end_of_record
TN:
SF:C:\Users\Guilherme Mussi\git\solidity-voting\contracts\PollingStation.sol
FN:17,createPoll
FN:31,pollClosed
FN:37,getMyPolls
FN:41,getCount
FNF:4
FNH:4
FNDA:19,createPoll
FNDA:1,pollClosed
FNDA:1,getMyPolls
FNDA:2,getCount
DA:18,19
DA:20,17
DA:21,17
DA:22,17
DA:24,17
DA:26,17
DA:28,17
DA:32,1
DA:34,1
DA:38,1
DA:42,2
LF:11
LH:11
BRDA:32,1,0,1
BRDA:32,1,1,0
BRF:2
BRH:1
end_of_record
